[ 2017-08-30T20:25:28+08:00 ] 163.125.244.86 /minibitebiyitaifang/index.php/Api/Login/getsessionkey
NOTIC: [8] Use of undefined constant SHOW_PAGE_TRACE - assumed 'SHOW_PAGE_TRACE' /www/web/default/public_html/minibitebiyitaifang/App/Common/Conf/debug.php 第 4 行.
INFO: [ app_init ] --START--
INFO: Run Behavior\BuildLiteBehavior [ RunTime:0.000012s ]
INFO: [ app_init ] --END-- [ RunTime:0.000060s ]
NOTIC: [8] Undefined variable: sckey /www/web/default/public_html/minibitebiyitaifang/App/Api/Conf/config.php 第 33 行.
NOTIC: [8] Undefined variable: sckey /www/web/default/public_html/minibitebiyitaifang/App/Api/Conf/config.php 第 33 行.
NOTIC: [8] Undefined variable: sckey /www/web/default/public_html/minibitebiyitaifang/App/Api/Conf/config.php 第 33 行.
NOTIC: [8] Use of undefined constant LOAD_EXT_CONFIG - assumed 'LOAD_EXT_CONFIG' /www/web/default/public_html/minibitebiyitaifang/App/Api/Conf/config.php 第 40 行.
NOTIC: [8] Undefined variable: notify_url /www/web/default/public_html/minibitebiyitaifang/App/Api/Conf/config.php 第 55 行.
NOTIC: [8] Undefined variable: return_url /www/web/default/public_html/minibitebiyitaifang/App/Api/Conf/config.php 第 58 行.
NOTIC: [8] Undefined index: key /www/web/default/public_html/minibitebiyitaifang/App/Api/Conf/config.php 第 62 行.
NOTIC: [8] Undefined index: key /www/web/default/public_html/minibitebiyitaifang/App/Api/Conf/config.php 第 66 行.

[ 2017-08-30T20:25:28+08:00 ] 163.125.244.86 /minibitebiyitaifang/index.php/Api/Login/authlogin
NOTIC: [8] Use of undefined constant SHOW_PAGE_TRACE - assumed 'SHOW_PAGE_TRACE' /www/web/default/public_html/minibitebiyitaifang/App/Common/Conf/debug.php 第 4 行.
INFO: [ app_init ] --START--
INFO: Run Behavior\BuildLiteBehavior [ RunTime:0.000013s ]
INFO: [ app_init ] --END-- [ RunTime:0.000060s ]
NOTIC: [8] Undefined variable: sckey /www/web/default/public_html/minibitebiyitaifang/App/Api/Conf/config.php 第 33 行.
NOTIC: [8] Undefined variable: sckey /www/web/default/public_html/minibitebiyitaifang/App/Api/Conf/config.php 第 33 行.
NOTIC: [8] Undefined variable: sckey /www/web/default/public_html/minibitebiyitaifang/App/Api/Conf/config.php 第 33 行.
NOTIC: [8] Use of undefined constant LOAD_EXT_CONFIG - assumed 'LOAD_EXT_CONFIG' /www/web/default/public_html/minibitebiyitaifang/App/Api/Conf/config.php 第 40 行.
NOTIC: [8] Undefined variable: notify_url /www/web/default/public_html/minibitebiyitaifang/App/Api/Conf/config.php 第 55 行.
NOTIC: [8] Undefined variable: return_url /www/web/default/public_html/minibitebiyitaifang/App/Api/Conf/config.php 第 58 行.
NOTIC: [8] Undefined index: key /www/web/default/public_html/minibitebiyitaifang/App/Api/Conf/config.php 第 62 行.
NOTIC: [8] Undefined index: key /www/web/default/public_html/minibitebiyitaifang/App/Api/Conf/config.php 第 66 行.

[ 2017-08-30T20:25:30+08:00 ] 163.125.244.86 /minibitebiyitaifang/index.php/Api/Index/index
NOTIC: [8] Use of undefined constant SHOW_PAGE_TRACE - assumed 'SHOW_PAGE_TRACE' /www/web/default/public_html/minibitebiyitaifang/App/Common/Conf/debug.php 第 4 行.
INFO: [ app_init ] --START--
INFO: Run Behavior\BuildLiteBehavior [ RunTime:0.000012s ]
INFO: [ app_init ] --END-- [ RunTime:0.000059s ]
NOTIC: [8] Undefined variable: sckey /www/web/default/public_html/minibitebiyitaifang/App/Api/Conf/config.php 第 33 行.
NOTIC: [8] Undefined variable: sckey /www/web/default/public_html/minibitebiyitaifang/App/Api/Conf/config.php 第 33 行.
NOTIC: [8] Undefined variable: sckey /www/web/default/public_html/minibitebiyitaifang/App/Api/Conf/config.php 第 33 行.
NOTIC: [8] Use of undefined constant LOAD_EXT_CONFIG - assumed 'LOAD_EXT_CONFIG' /www/web/default/public_html/minibitebiyitaifang/App/Api/Conf/config.php 第 40 行.
NOTIC: [8] Undefined variable: notify_url /www/web/default/public_html/minibitebiyitaifang/App/Api/Conf/config.php 第 55 行.
NOTIC: [8] Undefined variable: return_url /www/web/default/public_html/minibitebiyitaifang/App/Api/Conf/config.php 第 58 行.
NOTIC: [8] Undefined index: key /www/web/default/public_html/minibitebiyitaifang/App/Api/Conf/config.php 第 62 行.
NOTIC: [8] Undefined index: key /www/web/default/public_html/minibitebiyitaifang/App/Api/Conf/config.php 第 66 行.

[ 2017-08-30T20:27:11+08:00 ] 163.125.244.86 /minibitebiyitaifang/index.php/Api/Login/getsessionkey
NOTIC: [8] Use of undefined constant SHOW_PAGE_TRACE - assumed 'SHOW_PAGE_TRACE' /www/web/default/public_html/minibitebiyitaifang/App/Common/Conf/debug.php 第 4 行.
INFO: [ app_init ] --START--
INFO: Run Behavior\BuildLiteBehavior [ RunTime:0.000012s ]
INFO: [ app_init ] --END-- [ RunTime:0.000061s ]
NOTIC: [8] Undefined variable: sckey /www/web/default/public_html/minibitebiyitaifang/App/Api/Conf/config.php 第 33 行.
NOTIC: [8] Undefined variable: sckey /www/web/default/public_html/minibitebiyitaifang/App/Api/Conf/config.php 第 33 行.
NOTIC: [8] Undefined variable: sckey /www/web/default/public_html/minibitebiyitaifang/App/Api/Conf/config.php 第 33 行.
NOTIC: [8] Use of undefined constant LOAD_EXT_CONFIG - assumed 'LOAD_EXT_CONFIG' /www/web/default/public_html/minibitebiyitaifang/App/Api/Conf/config.php 第 40 行.
NOTIC: [8] Undefined variable: notify_url /www/web/default/public_html/minibitebiyitaifang/App/Api/Conf/config.php 第 55 行.
NOTIC: [8] Undefined variable: return_url /www/web/default/public_html/minibitebiyitaifang/App/Api/Conf/config.php 第 58 行.
NOTIC: [8] Undefined index: key /www/web/default/public_html/minibitebiyitaifang/App/Api/Conf/config.php 第 62 行.
NOTIC: [8] Undefined index: key /www/web/default/public_html/minibitebiyitaifang/App/Api/Conf/config.php 第 66 行.

[ 2017-08-30T20:27:12+08:00 ] 163.125.244.86 /minibitebiyitaifang/index.php/Api/Login/authlogin
NOTIC: [8] Use of undefined constant SHOW_PAGE_TRACE - assumed 'SHOW_PAGE_TRACE' /www/web/default/public_html/minibitebiyitaifang/App/Common/Conf/debug.php 第 4 行.
INFO: [ app_init ] --START--
INFO: Run Behavior\BuildLiteBehavior [ RunTime:0.000011s ]
INFO: [ app_init ] --END-- [ RunTime:0.000061s ]
NOTIC: [8] Undefined variable: sckey /www/web/default/public_html/minibitebiyitaifang/App/Api/Conf/config.php 第 33 行.
NOTIC: [8] Undefined variable: sckey /www/web/default/public_html/minibitebiyitaifang/App/Api/Conf/config.php 第 33 行.
NOTIC: [8] Undefined variable: sckey /www/web/default/public_html/minibitebiyitaifang/App/Api/Conf/config.php 第 33 行.
NOTIC: [8] Use of undefined constant LOAD_EXT_CONFIG - assumed 'LOAD_EXT_CONFIG' /www/web/default/public_html/minibitebiyitaifang/App/Api/Conf/config.php 第 40 行.
NOTIC: [8] Undefined variable: notify_url /www/web/default/public_html/minibitebiyitaifang/App/Api/Conf/config.php 第 55 行.
NOTIC: [8] Undefined variable: return_url /www/web/default/public_html/minibitebiyitaifang/App/Api/Conf/config.php 第 58 行.
NOTIC: [8] Undefined index: key /www/web/default/public_html/minibitebiyitaifang/App/Api/Conf/config.php 第 62 行.
NOTIC: [8] Undefined index: key /www/web/default/public_html/minibitebiyitaifang/App/Api/Conf/config.php 第 66 行.

[ 2017-08-30T20:27:13+08:00 ] 163.125.244.86 /minibitebiyitaifang/index.php/Api/Index/index
NOTIC: [8] Use of undefined constant SHOW_PAGE_TRACE - assumed 'SHOW_PAGE_TRACE' /www/web/default/public_html/minibitebiyitaifang/App/Common/Conf/debug.php 第 4 行.
INFO: [ app_init ] --START--
INFO: Run Behavior\BuildLiteBehavior [ RunTime:0.000011s ]
INFO: [ app_init ] --END-- [ RunTime:0.000058s ]
NOTIC: [8] Undefined variable: sckey /www/web/default/public_html/minibitebiyitaifang/App/Api/Conf/config.php 第 33 行.
NOTIC: [8] Undefined variable: sckey /www/web/default/public_html/minibitebiyitaifang/App/Api/Conf/config.php 第 33 行.
NOTIC: [8] Undefined variable: sckey /www/web/default/public_html/minibitebiyitaifang/App/Api/Conf/config.php 第 33 行.
NOTIC: [8] Use of undefined constant LOAD_EXT_CONFIG - assumed 'LOAD_EXT_CONFIG' /www/web/default/public_html/minibitebiyitaifang/App/Api/Conf/config.php 第 40 行.
NOTIC: [8] Undefined variable: notify_url /www/web/default/public_html/minibitebiyitaifang/App/Api/Conf/config.php 第 55 行.
NOTIC: [8] Undefined variable: return_url /www/web/default/public_html/minibitebiyitaifang/App/Api/Conf/config.php 第 58 行.
NOTIC: [8] Undefined index: key /www/web/default/public_html/minibitebiyitaifang/App/Api/Conf/config.php 第 62 行.
NOTIC: [8] Undefined index: key /www/web/default/public_html/minibitebiyitaifang/App/Api/Conf/config.php 第 66 行.

[ 2017-08-30T20:27:23+08:00 ] 163.125.244.86 /minibitebiyitaifang/index.php/Api/News/lists
NOTIC: [8] Use of undefined constant SHOW_PAGE_TRACE - assumed 'SHOW_PAGE_TRACE' /www/web/default/public_html/minibitebiyitaifang/App/Common/Conf/debug.php 第 4 行.
INFO: [ app_init ] --START--
INFO: Run Behavior\BuildLiteBehavior [ RunTime:0.000012s ]
INFO: [ app_init ] --END-- [ RunTime:0.000058s ]
NOTIC: [8] Undefined variable: sckey /www/web/default/public_html/minibitebiyitaifang/App/Api/Conf/config.php 第 33 行.
NOTIC: [8] Undefined variable: sckey /www/web/default/public_html/minibitebiyitaifang/App/Api/Conf/config.php 第 33 行.
NOTIC: [8] Undefined variable: sckey /www/web/default/public_html/minibitebiyitaifang/App/Api/Conf/config.php 第 33 行.
NOTIC: [8] Use of undefined constant LOAD_EXT_CONFIG - assumed 'LOAD_EXT_CONFIG' /www/web/default/public_html/minibitebiyitaifang/App/Api/Conf/config.php 第 40 行.
NOTIC: [8] Undefined variable: notify_url /www/web/default/public_html/minibitebiyitaifang/App/Api/Conf/config.php 第 55 行.
NOTIC: [8] Undefined variable: return_url /www/web/default/public_html/minibitebiyitaifang/App/Api/Conf/config.php 第 58 行.
NOTIC: [8] Undefined index: key /www/web/default/public_html/minibitebiyitaifang/App/Api/Conf/config.php 第 62 行.
NOTIC: [8] Undefined index: key /www/web/default/public_html/minibitebiyitaifang/App/Api/Conf/config.php 第 66 行.

[ 2017-08-30T20:27:28+08:00 ] 163.125.244.86 /minibitebiyitaifang/index.php/Api/News/detail
NOTIC: [8] Use of undefined constant SHOW_PAGE_TRACE - assumed 'SHOW_PAGE_TRACE' /www/web/default/public_html/minibitebiyitaifang/App/Common/Conf/debug.php 第 4 行.
INFO: [ app_init ] --START--
INFO: Run Behavior\BuildLiteBehavior [ RunTime:0.000013s ]
INFO: [ app_init ] --END-- [ RunTime:0.000065s ]
NOTIC: [8] Undefined variable: sckey /www/web/default/public_html/minibitebiyitaifang/App/Api/Conf/config.php 第 33 行.
NOTIC: [8] Undefined variable: sckey /www/web/default/public_html/minibitebiyitaifang/App/Api/Conf/config.php 第 33 行.
NOTIC: [8] Undefined variable: sckey /www/web/default/public_html/minibitebiyitaifang/App/Api/Conf/config.php 第 33 行.
NOTIC: [8] Use of undefined constant LOAD_EXT_CONFIG - assumed 'LOAD_EXT_CONFIG' /www/web/default/public_html/minibitebiyitaifang/App/Api/Conf/config.php 第 40 行.
NOTIC: [8] Undefined variable: notify_url /www/web/default/public_html/minibitebiyitaifang/App/Api/Conf/config.php 第 55 行.
NOTIC: [8] Undefined variable: return_url /www/web/default/public_html/minibitebiyitaifang/App/Api/Conf/config.php 第 58 行.
NOTIC: [8] Undefined index: key /www/web/default/public_html/minibitebiyitaifang/App/Api/Conf/config.php 第 62 行.
NOTIC: [8] Undefined index: key /www/web/default/public_html/minibitebiyitaifang/App/Api/Conf/config.php 第 66 行.

